========== START : Hyperledger Fabric Network Startup ==========
[ERROR] docker-compose not found. Please install Docker Compose.
========== START : Hyperledger Fabric Network Startup ==========
[INFO] Stopping any running Fabric containers...
[WARN] No previous containers to stop.
[INFO] Starting Fabric network using docker-compose.yml...
========== START : Hyperledger Fabric Network Startup ==========
[INFO] Stopping any running Fabric containers...
[WARN] No previous containers to stop.
[INFO] Starting Fabric network using docker-compose.yml...
========== START : Hyperledger Fabric Network Startup ==========
[INFO] Stopping any running Fabric containers...
[INFO] Starting Fabric network using docker-compose.yml...
[INFO] Fabric network started successfully.
========== END : Hyperledger Fabric Network Startup ==========
========== START : Hyperledger Fabric Network Startup ==========
[INFO] Stopping any running Fabric containers...
[INFO] Starting Fabric network using docker-compose.yml...
[INFO] Fabric network started successfully.
========== END : Hyperledger Fabric Network Startup ==========
========== START : Hyperledger Fabric Network Startup ==========
[INFO] Stopping any running Fabric containers...
[INFO] Starting Fabric network using docker-compose.yml...
[INFO] Fabric network started successfully.
========== END : Hyperledger Fabric Network Startup ==========
========== START : Hyperledger Fabric Network Startup ==========
[INFO] Stopping any running Fabric containers...
[INFO] Starting Fabric network using docker-compose.yml...
[INFO] Fabric network started successfully.
========== END : Hyperledger Fabric Network Startup ==========
========== START : Hyperledger Fabric Network Startup ==========
[INFO] Stopping any running Fabric containers...
[INFO] Starting Fabric network using docker-compose.yml...
[INFO] Fabric network started successfully.
========== END : Hyperledger Fabric Network Startup ==========
========== START : Hyperledger Fabric Network Startup ==========
[INFO] Stopping any running Fabric containers...
[INFO] Starting Fabric network using docker-compose.yml...
[INFO] Fabric network started successfully.
========== END : Hyperledger Fabric Network Startup ==========
========== START : Hyperledger Fabric Network Startup ==========
[INFO] Stopping any running Fabric containers...
[INFO] Starting Fabric network using docker-compose.yml...
[INFO] Fabric network started successfully.
========== END : Hyperledger Fabric Network Startup ==========
